# JRE version: OpenJDK Runtime Environment AdoptOpenJDK (11.0.10+9) (build 11.0.10+9)
# Java VM: OpenJDK 64-Bit Client VM AdoptOpenJDK (11.0.10+9, mixed mode, g1 gc, windows-amd64)
Heap:
 garbage-first heap   total 471040K, used 467667K [0x000000000de00000, 0x000000004de00000)
  region size 1024K, 5 young (5120K), 2 survivors (2048K)
 Metaspace       used 131235K, capacity 140097K, committed 140204K, reserved 141312K
GC Heap History (20 events):
Event: 129.747 GC heap before
{Heap before GC invocations=27 (full 0):
 garbage-first heap   total 262144K, used 143933K [0x000000000de00000, 0x000000004de00000)
  region size 1024K, 12 young (12288K), 9 survivors (9216K)
 Metaspace       used 94245K, capacity 100631K, committed 100780K, reserved 102400K
}
Event: 129.788 GC heap after
{Heap after GC invocations=28 (full 0):
 garbage-first heap   total 262144K, used 145408K [0x000000000de00000, 0x000000004de00000)
  region size 1024K, 2 young (2048K), 2 survivors (2048K)
 Metaspace       used 94245K, capacity 100631K, committed 100780K, reserved 102400K
}
Event: 133.591 GC heap before
{Heap before GC invocations=29 (full 0):
 garbage-first heap   total 262144K, used 185344K [0x000000000de00000, 0x000000004de00000)
  region size 1024K, 39 young (39936K), 2 survivors (2048K)
 Metaspace       used 101915K, capacity 108351K, committed 108460K, reserved 108544K
}
Event: 133.632 GC heap after
{Heap after GC invocations=30 (full 0):
 garbage-first heap   total 262144K, used 154624K [0x000000000de00000, 0x000000004de00000)
  region size 1024K, 5 young (5120K), 5 survivors (5120K)
 Metaspace       used 101915K, capacity 108351K, committed 108460K, reserved 108544K
}
Event: 133.842 GC heap before
{Heap before GC invocations=30 (full 0):
 garbage-first heap   total 262144K, used 160768K [0x000000000de00000, 0x000000004de00000)
  region size 1024K, 12 young (12288K), 5 survivors (5120K)
 Metaspace       used 102123K, capacity 108624K, committed 108716K, reserved 110592K
}
Event: 133.893 GC heap after
{Heap after GC invocations=31 (full 0):
 garbage-first heap   total 262144K, used 148352K [0x000000000de00000, 0x000000004de00000)
  region size 1024K, 2 young (2048K), 2 survivors (2048K)
 Metaspace       used 102123K, capacity 108624K, committed 108716K, reserved 110592K
}
Event: 136.288 GC heap before
{Heap before GC invocations=31 (full 0):
 garbage-first heap   total 262144K, used 187264K [0x000000000de00000, 0x000000004de00000)
  region size 1024K, 41 young (41984K), 2 survivors (2048K)
 Metaspace       used 110017K, capacity 116590K, committed 116652K, reserved 116736K
}
Event: 136.323 GC heap after
{Heap after GC invocations=32 (full 0):
 garbage-first heap   total 262144K, used 152436K [0x000000000de00000, 0x000000004de00000)
  region size 1024K, 6 young (6144K), 6 survivors (6144K)
 Metaspace       used 110017K, capacity 116590K, committed 116652K, reserved 116736K
}
Event: 139.605 GC heap before
{Heap before GC invocations=33 (full 0):
 garbage-first heap   total 262144K, used 193396K [0x000000000de00000, 0x000000004de00000)
  region size 1024K, 46 young (47104K), 6 survivors (6144K)
 Metaspace       used 116459K, capacity 123359K, committed 123564K, reserved 124928K
}
Event: 139.635 GC heap after
{Heap after GC invocations=34 (full 0):
 garbage-first heap   total 262144K, used 155272K [0x000000000de00000, 0x000000004de00000)
  region size 1024K, 3 young (3072K), 3 survivors (3072K)
 Metaspace       used 116459K, capacity 123359K, committed 123564K, reserved 124928K
}
Event: 141.086 GC heap before
{Heap before GC invocations=34 (full 0):
 garbage-first heap   total 262144K, used 164488K [0x000000000de00000, 0x000000004de00000)
  region size 1024K, 12 young (12288K), 3 survivors (3072K)
 Metaspace       used 118157K, capacity 125187K, committed 125356K, reserved 126976K
}
Event: 141.134 GC heap after
{Heap after GC invocations=35 (full 0):
 garbage-first heap   total 262144K, used 152266K [0x000000000de00000, 0x000000004de00000)
  region size 1024K, 2 young (2048K), 2 survivors (2048K)
 Metaspace       used 118157K, capacity 125187K, committed 125356K, reserved 126976K
}
Event: 149.922 GC heap before
{Heap before GC invocations=35 (full 0):
 garbage-first heap   total 262144K, used 194250K [0x000000000de00000, 0x000000004de00000)
  region size 1024K, 45 young (46080K), 2 survivors (2048K)
 Metaspace       used 124657K, capacity 133564K, committed 133804K, reserved 135168K
}
Event: 149.962 GC heap after
{Heap after GC invocations=36 (full 0):
 garbage-first heap   total 262144K, used 157686K [0x000000000de00000, 0x000000004de00000)
  region size 1024K, 6 young (6144K), 6 survivors (6144K)
 Metaspace       used 124657K, capacity 133564K, committed 133804K, reserved 135168K
}
Event: 151.834 GC heap before
{Heap before GC invocations=37 (full 0):
 garbage-first heap   total 262144K, used 221174K [0x000000000de00000, 0x000000004de00000)
  region size 1024K, 49 young (50176K), 6 survivors (6144K)
 Metaspace       used 128687K, capacity 137765K, committed 137900K, reserved 139264K
}
Event: 151.862 GC heap after
{Heap after GC invocations=38 (full 0):
 garbage-first heap   total 262144K, used 179359K [0x000000000de00000, 0x000000004de00000)
  region size 1024K, 2 young (2048K), 2 survivors (2048K)
 Metaspace       used 128687K, capacity 137765K, committed 137900K, reserved 139264K
}
Event: 152.833 GC heap before
{Heap before GC invocations=38 (full 0):
 garbage-first heap   total 262144K, used 192671K [0x000000000de00000, 0x000000004de00000)
  region size 1024K, 12 young (12288K), 2 survivors (2048K)
 Metaspace       used 130587K, capacity 139516K, committed 139692K, reserved 141312K
}
Event: 152.871 GC heap after
{Heap after GC invocations=39 (full 0):
 garbage-first heap   total 262144K, used 181297K [0x000000000de00000, 0x000000004de00000)
  region size 1024K, 2 young (2048K), 2 survivors (2048K)
 Metaspace       used 130587K, capacity 139516K, committed 139692K, reserved 141312K
}
Event: 155.594 GC heap before
{Heap before GC invocations=39 (full 0):
 garbage-first heap   total 262144K, used 194609K [0x000000000de00000, 0x000000004de00000)
  region size 1024K, 17 young (17408K), 2 survivors (2048K)
 Metaspace       used 131235K, capacity 140097K, committed 140204K, reserved 141312K
}
Event: 155.614 GC heap after
{Heap after GC invocations=40 (full 0):
 garbage-first heap   total 262144K, used 180947K [0x000000000de00000, 0x000000004de00000)
  region size 1024K, 2 young (2048K), 2 survivors (2048K)
 Metaspace       used 131235K, capacity 140097K, committed 140204K, reserved 141312K
}

